Determining if the function sgemm_ exists failed with the following output:
Change Dir: /home/evan/code/radar-localization/build/CMakeFiles/CMakeTmp

Run Build Command(s):/usr/bin/gmake -f Makefile cmTC_d628f/fast && /usr/bin/gmake  -f CMakeFiles/cmTC_d628f.dir/build.make CMakeFiles/cmTC_d628f.dir/build
gmake[1]: Entering directory '/home/evan/code/radar-localization/build/CMakeFiles/CMakeTmp'
Building C object CMakeFiles/cmTC_d628f.dir/CheckFunctionExists.c.o
/usr/bin/cc   -DCHECK_FUNCTION_EXISTS=sgemm_ -o CMakeFiles/cmTC_d628f.dir/CheckFunctionExists.c.o -c /usr/share/cmake-3.22/Modules/CheckFunctionExists.c
Linking C executable cmTC_d628f
/usr/bin/cmake -E cmake_link_script CMakeFiles/cmTC_d628f.dir/link.txt --verbose=1
/usr/bin/cc  -DCHECK_FUNCTION_EXISTS=sgemm_ CMakeFiles/cmTC_d628f.dir/CheckFunctionExists.c.o -o cmTC_d628f 
/usr/bin/ld: CMakeFiles/cmTC_d628f.dir/CheckFunctionExists.c.o: in function `main':
CheckFunctionExists.c:(.text+0x14): undefined reference to `sgemm_'
collect2: error: ld returned 1 exit status
gmake[1]: *** [CMakeFiles/cmTC_d628f.dir/build.make:99: cmTC_d628f] Error 1
gmake[1]: Leaving directory '/home/evan/code/radar-localization/build/CMakeFiles/CMakeTmp'
gmake: *** [Makefile:127: cmTC_d628f/fast] Error 2



Determining if the function cheev_ exists failed with the following output:
Change Dir: /home/evan/code/radar-localization/build/CMakeFiles/CMakeTmp

Run Build Command(s):/usr/bin/gmake -f Makefile cmTC_3a40b/fast && /usr/bin/gmake  -f CMakeFiles/cmTC_3a40b.dir/build.make CMakeFiles/cmTC_3a40b.dir/build
gmake[1]: Entering directory '/home/evan/code/radar-localization/build/CMakeFiles/CMakeTmp'
Building C object CMakeFiles/cmTC_3a40b.dir/CheckFunctionExists.c.o
/usr/bin/cc   -DCHECK_FUNCTION_EXISTS=cheev_ -o CMakeFiles/cmTC_3a40b.dir/CheckFunctionExists.c.o -c /usr/share/cmake-3.22/Modules/CheckFunctionExists.c
Linking C executable cmTC_3a40b
/usr/bin/cmake -E cmake_link_script CMakeFiles/cmTC_3a40b.dir/link.txt --verbose=1
/usr/bin/cc  -DCHECK_FUNCTION_EXISTS=cheev_ CMakeFiles/cmTC_3a40b.dir/CheckFunctionExists.c.o -o cmTC_3a40b  /usr/lib/x86_64-linux-gnu/libblas.so -lm -ldl 
/usr/bin/ld: CMakeFiles/cmTC_3a40b.dir/CheckFunctionExists.c.o: in function `main':
CheckFunctionExists.c:(.text+0x14): undefined reference to `cheev_'
collect2: error: ld returned 1 exit status
gmake[1]: *** [CMakeFiles/cmTC_3a40b.dir/build.make:100: cmTC_3a40b] Error 1
gmake[1]: Leaving directory '/home/evan/code/radar-localization/build/CMakeFiles/CMakeTmp'
gmake: *** [Makefile:127: cmTC_3a40b/fast] Error 2



Determining if the function cheev_ exists failed with the following output:
Change Dir: /home/evan/code/radar-localization/build/CMakeFiles/CMakeTmp

Run Build Command(s):/usr/bin/gmake -f Makefile cmTC_24796/fast && /usr/bin/gmake  -f CMakeFiles/cmTC_24796.dir/build.make CMakeFiles/cmTC_24796.dir/build
gmake[1]: Entering directory '/home/evan/code/radar-localization/build/CMakeFiles/CMakeTmp'
Building C object CMakeFiles/cmTC_24796.dir/CheckFunctionExists.c.o
/usr/bin/cc   -DCHECK_FUNCTION_EXISTS=cheev_ -o CMakeFiles/cmTC_24796.dir/CheckFunctionExists.c.o -c /usr/share/cmake-3.22/Modules/CheckFunctionExists.c
Linking C executable cmTC_24796
/usr/bin/cmake -E cmake_link_script CMakeFiles/cmTC_24796.dir/link.txt --verbose=1
/usr/bin/cc  -DCHECK_FUNCTION_EXISTS=cheev_ CMakeFiles/cmTC_24796.dir/CheckFunctionExists.c.o -o cmTC_24796  /usr/lib/x86_64-linux-gnu/liblapack.so /usr/lib/x86_64-linux-gnu/libblas.so -fortranlibs 
cc: error: unrecognized command-line option ‘-fortranlibs’
gmake[1]: *** [CMakeFiles/cmTC_24796.dir/build.make:101: cmTC_24796] Error 1
gmake[1]: Leaving directory '/home/evan/code/radar-localization/build/CMakeFiles/CMakeTmp'
gmake: *** [Makefile:127: cmTC_24796/fast] Error 2



