[0.514s] DEBUG:colcon:Command line arguments: ['/usr/bin/colcon', 'list', '-p', '--base-paths', '/home/evan/code/radar-localization']
[0.514s] DEBUG:colcon:Parsed command line arguments: Namespace(log_base=None, log_level=None, verb_name='list', build_base='build', ignore_user_meta=False, metas=['./colcon.meta'], base_paths=['/home/evan/code/radar-localization'], packages_ignore=None, packages_ignore_regex=None, paths=None, packages_up_to=None, packages_up_to_regex=None, packages_above=None, packages_above_and_dependencies=None, packages_above_depth=None, packages_select_by_dep=None, packages_skip_by_dep=None, packages_skip_up_to=None, packages_select_build_failed=False, packages_skip_build_finished=False, packages_select_test_failures=False, packages_skip_test_passed=False, packages_select=None, packages_skip=None, packages_select_regex=None, packages_skip_regex=None, packages_start=None, packages_end=None, allow_overriding=[], topological_order=False, names_only=False, paths_only=True, topological_graph=False, topological_graph_dot=False, topological_graph_density=False, topological_graph_legend=False, topological_graph_dot_cluster=False, topological_graph_dot_include_skipped=False, verb_parser=<colcon_defaults.argument_parser.defaults.DefaultArgumentsDecorator object at 0x7f530891ef50>, verb_extension=<colcon_package_information.verb.list.ListVerb object at 0x7f53088d0760>, main=<bound method ListVerb.main of <colcon_package_information.verb.list.ListVerb object at 0x7f53088d0760>>)
[0.547s] Level 1:colcon.colcon_core.package_discovery:discover_packages(colcon_meta) check parameters
[0.547s] Level 1:colcon.colcon_core.package_discovery:discover_packages(recursive) check parameters
[0.547s] Level 1:colcon.colcon_core.package_discovery:discover_packages(ignore) check parameters
[0.547s] Level 1:colcon.colcon_core.package_discovery:discover_packages(path) check parameters
[0.549s] Level 1:colcon.colcon_core.package_discovery:discover_packages(recursive) discover
[0.549s] INFO:colcon.colcon_core.package_discovery:Crawling recursively for packages in '/home/evan/code/radar-localization'
[0.549s] Level 1:colcon.colcon_core.package_identification:_identify(/home/evan/code/radar-localization) by extensions ['ignore', 'ignore_ament_install']
[0.549s] Level 1:colcon.colcon_core.package_identification:_identify(/home/evan/code/radar-localization) by extension 'ignore'
[0.549s] Level 1:colcon.colcon_core.package_identification:_identify(/home/evan/code/radar-localization) by extension 'ignore_ament_install'
[0.550s] Level 1:colcon.colcon_core.package_identification:_identify(/home/evan/code/radar-localization) by extensions ['colcon_pkg']
[0.550s] Level 1:colcon.colcon_core.package_identification:_identify(/home/evan/code/radar-localization) by extension 'colcon_pkg'
[0.550s] Level 1:colcon.colcon_core.package_identification:_identify(/home/evan/code/radar-localization) by extensions ['colcon_meta']
[0.550s] Level 1:colcon.colcon_core.package_identification:_identify(/home/evan/code/radar-localization) by extension 'colcon_meta'
[0.550s] Level 1:colcon.colcon_core.package_identification:_identify(/home/evan/code/radar-localization) by extensions ['ros']
[0.550s] Level 1:colcon.colcon_core.package_identification:_identify(/home/evan/code/radar-localization) by extension 'ros'
[0.588s] Level 1:colcon.colcon_core.package_identification:_identify(/home/evan/code/radar-localization) by extensions ['cmake', 'python']
[0.588s] Level 1:colcon.colcon_core.package_identification:_identify(/home/evan/code/radar-localization) by extension 'cmake'
[0.588s] Level 1:colcon.colcon_core.package_identification:_identify(/home/evan/code/radar-localization) by extension 'python'
[0.588s] Level 1:colcon.colcon_core.package_identification:_identify(/home/evan/code/radar-localization) by extensions ['python_setup_py']
[0.588s] Level 1:colcon.colcon_core.package_identification:_identify(/home/evan/code/radar-localization) by extension 'python_setup_py'
[0.588s] Level 1:colcon.colcon_core.package_identification:_identify(/home/evan/code/radar-localization/log) by extensions ['ignore', 'ignore_ament_install']
[0.588s] Level 1:colcon.colcon_core.package_identification:_identify(/home/evan/code/radar-localization/log) by extension 'ignore'
[0.588s] Level 1:colcon.colcon_core.package_identification:_identify(/home/evan/code/radar-localization/log) ignored
[0.588s] Level 1:colcon.colcon_core.package_identification:_identify(/home/evan/code/radar-localization/src) by extensions ['ignore', 'ignore_ament_install']
[0.589s] Level 1:colcon.colcon_core.package_identification:_identify(/home/evan/code/radar-localization/src) by extension 'ignore'
[0.589s] Level 1:colcon.colcon_core.package_identification:_identify(/home/evan/code/radar-localization/src) by extension 'ignore_ament_install'
[0.589s] Level 1:colcon.colcon_core.package_identification:_identify(/home/evan/code/radar-localization/src) by extensions ['colcon_pkg']
[0.589s] Level 1:colcon.colcon_core.package_identification:_identify(/home/evan/code/radar-localization/src) by extension 'colcon_pkg'
[0.589s] Level 1:colcon.colcon_core.package_identification:_identify(/home/evan/code/radar-localization/src) by extensions ['colcon_meta']
[0.589s] Level 1:colcon.colcon_core.package_identification:_identify(/home/evan/code/radar-localization/src) by extension 'colcon_meta'
[0.589s] Level 1:colcon.colcon_core.package_identification:_identify(/home/evan/code/radar-localization/src) by extensions ['ros']
[0.589s] Level 1:colcon.colcon_core.package_identification:_identify(/home/evan/code/radar-localization/src) by extension 'ros'
[0.589s] Level 1:colcon.colcon_core.package_identification:_identify(/home/evan/code/radar-localization/src) by extensions ['cmake', 'python']
[0.589s] Level 1:colcon.colcon_core.package_identification:_identify(/home/evan/code/radar-localization/src) by extension 'cmake'
[0.589s] Level 1:colcon.colcon_core.package_identification:_identify(/home/evan/code/radar-localization/src) by extension 'python'
[0.589s] Level 1:colcon.colcon_core.package_identification:_identify(/home/evan/code/radar-localization/src) by extensions ['python_setup_py']
[0.589s] Level 1:colcon.colcon_core.package_identification:_identify(/home/evan/code/radar-localization/src) by extension 'python_setup_py'
[0.590s] Level 1:colcon.colcon_core.package_identification:_identify(/home/evan/code/radar-localization/src/localization) by extensions ['ignore', 'ignore_ament_install']
[0.590s] Level 1:colcon.colcon_core.package_identification:_identify(/home/evan/code/radar-localization/src/localization) by extension 'ignore'
[0.590s] Level 1:colcon.colcon_core.package_identification:_identify(/home/evan/code/radar-localization/src/localization) by extension 'ignore_ament_install'
[0.590s] Level 1:colcon.colcon_core.package_identification:_identify(/home/evan/code/radar-localization/src/localization) by extensions ['colcon_pkg']
[0.590s] Level 1:colcon.colcon_core.package_identification:_identify(/home/evan/code/radar-localization/src/localization) by extension 'colcon_pkg'
[0.590s] Level 1:colcon.colcon_core.package_identification:_identify(/home/evan/code/radar-localization/src/localization) by extensions ['colcon_meta']
[0.590s] Level 1:colcon.colcon_core.package_identification:_identify(/home/evan/code/radar-localization/src/localization) by extension 'colcon_meta'
[0.590s] Level 1:colcon.colcon_core.package_identification:_identify(/home/evan/code/radar-localization/src/localization) by extensions ['ros']
[0.590s] Level 1:colcon.colcon_core.package_identification:_identify(/home/evan/code/radar-localization/src/localization) by extension 'ros'
[0.593s] DEBUG:colcon.colcon_core.package_identification:Package '/home/evan/code/radar-localization/src/localization' with type 'ros.ament_cmake' and name 'localization'
[0.593s] Level 1:colcon.colcon_core.package_discovery:discover_packages(recursive) using defaults
